Using pre-set license
Built from '2020.3/china_unity/release' branch; Version is '2020.3.4f1c1 (3d27070cb163) revision 4007687'; Using compiler version '192528614'; Build Type 'Release'
OS: 'Windows 7  (6.1.0) 64bit' Language: 'zh' Physical Memory: 16284 MB
BatchMode: 1, IsHumanControllingUs: 0, StartBugReporterOnCrash: 0, Is64bit: 1, IsPro: 0

 COMMAND LINE ARGUMENTS:
C:\Program Files\Unity\Hub\Editor\2020.3.4f1c1\Unity\Editor\Unity.exe
-adb2
-batchMode
-noUpm
-name
AssetImportWorker0
-projectPath
E:/unity_project/DarkGod
-logFile
Logs/AssetImportWorker0.log
-srvPort
64513
Successfully changed project path to: E:/unity_project/DarkGod
E:/unity_project/DarkGod
Using Asset Import Pipeline V2.
Refreshing native plugins compatible for Editor in 34.92 ms, found 0 plugins.
Preloading 0 native plugins for Editor in 0.00 ms.
Initialize engine version: 2020.3.4f1c1 (3d27070cb163)
[Subsystems] Discovering subsystems at path C:/Program Files/Unity/Hub/Editor/2020.3.4f1c1/Unity/Editor/Data/Resources/UnitySubsystems
[Subsystems] Discovering subsystems at path E:/unity_project/DarkGod/Assets
GfxDevice: creating device client; threaded=0
d3d11: CreateDXGIFactory2(...) not found, fallbacking to CreateDXGIFactory1(...).
d3d11: QueryInterface(IDXGIFactory5) failed (80004002).
Direct3D:
    Version:  Direct3D 11.0 [level 11.0]
    Renderer: NVIDIA GeForce GTX 750 Ti (ID=0x1380)
    Vendor:   
    VRAM:     963 MB
    Driver:   23.21.13.9101
Initialize mono
Mono path[0] = 'C:/Program Files/Unity/Hub/Editor/2020.3.4f1c1/Unity/Editor/Data/Managed'
Mono path[1] = 'C:/Program Files/Unity/Hub/Editor/2020.3.4f1c1/Unity/Editor/Data/MonoBleedingEdge/lib/mono/unityjit'
Mono config path = 'C:/Program Files/Unity/Hub/Editor/2020.3.4f1c1/Unity/Editor/Data/MonoBleedingEdge/etc'
Using monoOptions --debugger-agent=transport=dt_socket,embedding=1,server=y,suspend=n,address=127.0.0.1:56708
Begin MonoManager ReloadAssembly
Registering precompiled unity dll's ...
Register platform support module: C:/Program Files/Unity/Hub/Editor/2020.3.4f1c1/Unity/Editor/Data/PlaybackEngines/WindowsStandaloneSupport/UnityEditor.WindowsStandalone.Extensions.dll
Registered in 0.006381 seconds.
Native extension for WindowsStandalone target not found
Refreshing native plugins compatible for Editor in 35.06 ms, found 0 plugins.
Preloading 0 native plugins for Editor in 0.00 ms.
Mono: successfully reloaded assembly
- Completed reload, in  1.371 seconds
Platform modules already initialized, skipping
Registering precompiled user dll's ...
Registered in 0.001620 seconds.
Begin MonoManager ReloadAssembly
Native extension for WindowsStandalone target not found
Refreshing native plugins compatible for Editor in 0.27 ms, found 0 plugins.
Preloading 0 native plugins for Editor in 0.00 ms.
Mono: successfully reloaded assembly
- Completed reload, in  1.228 seconds
Platform modules already initialized, skipping
========================================================================
Worker process is ready to serve import requests
Launched and connected shader compiler UnityShaderCompiler.exe after 0.19 seconds
Refreshing native plugins compatible for Editor in 0.34 ms, found 0 plugins.
Preloading 0 native plugins for Editor in 0.00 ms.
Unloading 1168 Unused Serialized files (Serialized files now loaded: 0)
System memory in use before: 59.3 MB.
System memory in use after: 59.3 MB.

Unloading 9 unused Assets to reduce memory usage. Loaded Objects now: 1616.
Total: 2.173640 ms (FindLiveObjects: 0.223233 ms CreateObjectMapping: 0.154275 ms MarkObjects: 1.731342 ms  DeleteObjects: 0.063506 ms)

========================================================================
Received Import Request.
  path: Assets/Scripts/Service/ResSvc.cs
  artifactKey: Guid(90c7f58e0ab87404595bcd7401fefad9) Importer(815301076,1909f56bfc062723c751e8b465ee728b)
Start importing Assets/Scripts/Service/ResSvc.cs using Guid(90c7f58e0ab87404595bcd7401fefad9) Importer(815301076,1909f56bfc062723c751e8b465ee728b)  -> (artifact id: 'c2acdf8fe3f92254031af442d120eb97') in 0.122888 seconds
  Import took 0.125506 seconds .

========================================================================
Received Import Request.
  Time since last request: 46.168779 seconds.
  path: Assets/Scripts/Service/ResSvc.cs
  artifactKey: Guid(90c7f58e0ab87404595bcd7401fefad9) Importer(815301076,1909f56bfc062723c751e8b465ee728b)
Start importing Assets/Scripts/Service/ResSvc.cs using Guid(90c7f58e0ab87404595bcd7401fefad9) Importer(815301076,1909f56bfc062723c751e8b465ee728b)  -> (artifact id: 'ec8741b2322d7167f338617b4351ad01') in 0.004989 seconds
  Import took 0.007567 seconds .

========================================================================
Received Prepare
Registering precompiled user dll's ...
Registered in 0.001386 seconds.
Begin MonoManager ReloadAssembly
Native extension for WindowsStandalone target not found
Refreshing native plugins compatible for Editor in 0.42 ms, found 0 plugins.
Preloading 0 native plugins for Editor in 0.00 ms.
Mono: successfully reloaded assembly
- Completed reload, in  1.192 seconds
Platform modules already initialized, skipping
Refreshing native plugins compatible for Editor in 0.28 ms, found 0 plugins.
Preloading 0 native plugins for Editor in 0.00 ms.
Unloading 1161 Unused Serialized files (Serialized files now loaded: 0)
System memory in use before: 59.0 MB.
System memory in use after: 59.1 MB.

Unloading 4 unused Assets to reduce memory usage. Loaded Objects now: 1619.
Total: 2.435362 ms (FindLiveObjects: 0.300852 ms CreateObjectMapping: 0.109372 ms MarkObjects: 1.991461 ms  DeleteObjects: 0.032395 ms)

========================================================================
Received Import Request.
  Time since last request: 37.955800 seconds.
  path: Assets/Scripts/Service/ResSvc.cs
  artifactKey: Guid(90c7f58e0ab87404595bcd7401fefad9) Importer(815301076,1909f56bfc062723c751e8b465ee728b)
Start importing Assets/Scripts/Service/ResSvc.cs using Guid(90c7f58e0ab87404595bcd7401fefad9) Importer(815301076,1909f56bfc062723c751e8b465ee728b)  -> (artifact id: '9718e524a9fa42248daf8a64e212e7b7') in 0.008772 seconds
  Import took 0.011871 seconds .

========================================================================
Received Prepare
Registering precompiled user dll's ...
Registered in 0.001532 seconds.
Begin MonoManager ReloadAssembly
Native extension for WindowsStandalone target not found
Refreshing native plugins compatible for Editor in 0.28 ms, found 0 plugins.
Preloading 0 native plugins for Editor in 0.00 ms.
Mono: successfully reloaded assembly
- Completed reload, in  1.256 seconds
Platform modules already initialized, skipping
Refreshing native plugins compatible for Editor in 0.30 ms, found 0 plugins.
Preloading 0 native plugins for Editor in 0.00 ms.
Unloading 1161 Unused Serialized files (Serialized files now loaded: 0)
System memory in use before: 59.0 MB.
System memory in use after: 59.1 MB.

Unloading 4 unused Assets to reduce memory usage. Loaded Objects now: 1622.
Total: 2.177168 ms (FindLiveObjects: 0.176085 ms CreateObjectMapping: 0.082109 ms MarkObjects: 1.900050 ms  DeleteObjects: 0.016999 ms)

========================================================================
Received Import Request.
  Time since last request: 10.610860 seconds.
  path: Assets/Scripts/Service/ResSvc.cs
  artifactKey: Guid(90c7f58e0ab87404595bcd7401fefad9) Importer(815301076,1909f56bfc062723c751e8b465ee728b)
Start importing Assets/Scripts/Service/ResSvc.cs using Guid(90c7f58e0ab87404595bcd7401fefad9) Importer(815301076,1909f56bfc062723c751e8b465ee728b)  -> (artifact id: 'a84f14e2250b95e174608479c8bf3c39') in 0.008255 seconds
  Import took 0.011252 seconds .

========================================================================
Received Prepare
Registering precompiled user dll's ...
Registered in 0.001416 seconds.
Begin MonoManager ReloadAssembly
Native extension for WindowsStandalone target not found
Refreshing native plugins compatible for Editor in 0.46 ms, found 0 plugins.
Preloading 0 native plugins for Editor in 0.00 ms.
Mono: successfully reloaded assembly
- Completed reload, in  1.347 seconds
Platform modules already initialized, skipping
Refreshing native plugins compatible for Editor in 0.28 ms, found 0 plugins.
Preloading 0 native plugins for Editor in 0.00 ms.
Unloading 1161 Unused Serialized files (Serialized files now loaded: 0)
System memory in use before: 59.1 MB.
System memory in use after: 59.2 MB.

Unloading 4 unused Assets to reduce memory usage. Loaded Objects now: 1625.
Total: 2.616579 ms (FindLiveObjects: 0.179292 ms CreateObjectMapping: 0.089165 ms MarkObjects: 2.331763 ms  DeleteObjects: 0.014754 ms)

========================================================================
Received Prepare
Registering precompiled user dll's ...
Registered in 0.001476 seconds.
Begin MonoManager ReloadAssembly
Native extension for WindowsStandalone target not found
Refreshing native plugins compatible for Editor in 0.28 ms, found 0 plugins.
Preloading 0 native plugins for Editor in 0.00 ms.
Mono: successfully reloaded assembly
- Completed reload, in  1.297 seconds
Platform modules already initialized, skipping
Refreshing native plugins compatible for Editor in 0.29 ms, found 0 plugins.
Preloading 0 native plugins for Editor in 0.00 ms.
Unloading 1161 Unused Serialized files (Serialized files now loaded: 0)
System memory in use before: 59.1 MB.
System memory in use after: 59.2 MB.

Unloading 4 unused Assets to reduce memory usage. Loaded Objects now: 1628.
Total: 2.167225 ms (FindLiveObjects: 0.188273 ms CreateObjectMapping: 0.085958 ms MarkObjects: 1.877599 ms  DeleteObjects: 0.013792 ms)

========================================================================
Received Import Request.
  Time since last request: 153.939908 seconds.
  path: Assets/Scripts/Service/ResSvc.cs
  artifactKey: Guid(90c7f58e0ab87404595bcd7401fefad9) Importer(815301076,1909f56bfc062723c751e8b465ee728b)
Start importing Assets/Scripts/Service/ResSvc.cs using Guid(90c7f58e0ab87404595bcd7401fefad9) Importer(815301076,1909f56bfc062723c751e8b465ee728b)  -> (artifact id: 'f1b5d118cb0d0fbe73ec4e542812aa64') in 0.009076 seconds
  Import took 0.013173 seconds .

========================================================================
Received Prepare
Registering precompiled user dll's ...
Registered in 0.001506 seconds.
Begin MonoManager ReloadAssembly
Native extension for WindowsStandalone target not found
Refreshing native plugins compatible for Editor in 0.29 ms, found 0 plugins.
Preloading 0 native plugins for Editor in 0.00 ms.
Mono: successfully reloaded assembly
- Completed reload, in  1.211 seconds
Platform modules already initialized, skipping
Refreshing native plugins compatible for Editor in 0.31 ms, found 0 plugins.
Preloading 0 native plugins for Editor in 0.00 ms.
Unloading 1161 Unused Serialized files (Serialized files now loaded: 0)
System memory in use before: 59.1 MB.
System memory in use after: 59.2 MB.

Unloading 4 unused Assets to reduce memory usage. Loaded Objects now: 1631.
Total: 2.328235 ms (FindLiveObjects: 0.165180 ms CreateObjectMapping: 0.052922 ms MarkObjects: 2.076777 ms  DeleteObjects: 0.031753 ms)

========================================================================
Received Import Request.
  Time since last request: 45.285427 seconds.
  path: Assets/Scripts/Service/ResSvc.cs
  artifactKey: Guid(90c7f58e0ab87404595bcd7401fefad9) Importer(815301076,1909f56bfc062723c751e8b465ee728b)
Start importing Assets/Scripts/Service/ResSvc.cs using Guid(90c7f58e0ab87404595bcd7401fefad9) Importer(815301076,1909f56bfc062723c751e8b465ee728b)  -> (artifact id: 'b591d85c92bb9d40a1bfe400bd4cc7a4') in 0.010144 seconds
  Import took 0.012830 seconds .

========================================================================
Received Prepare
Registering precompiled user dll's ...
Registered in 0.001386 seconds.
Begin MonoManager ReloadAssembly
Native extension for WindowsStandalone target not found
Refreshing native plugins compatible for Editor in 0.28 ms, found 0 plugins.
Preloading 0 native plugins for Editor in 0.00 ms.
Mono: successfully reloaded assembly
- Completed reload, in  1.353 seconds
Platform modules already initialized, skipping
Refreshing native plugins compatible for Editor in 0.44 ms, found 0 plugins.
Preloading 0 native plugins for Editor in 0.00 ms.
Unloading 1161 Unused Serialized files (Serialized files now loaded: 0)
System memory in use before: 59.1 MB.
System memory in use after: 59.2 MB.

Unloading 4 unused Assets to reduce memory usage. Loaded Objects now: 1634.
Total: 2.626521 ms (FindLiveObjects: 0.199820 ms CreateObjectMapping: 0.123163 ms MarkObjects: 2.269540 ms  DeleteObjects: 0.032074 ms)

========================================================================
Received Import Request.
  Time since last request: 349.914947 seconds.
  path: Assets/Scripts/Service/ResSvc.cs
  artifactKey: Guid(90c7f58e0ab87404595bcd7401fefad9) Importer(815301076,1909f56bfc062723c751e8b465ee728b)
Start importing Assets/Scripts/Service/ResSvc.cs using Guid(90c7f58e0ab87404595bcd7401fefad9) Importer(815301076,1909f56bfc062723c751e8b465ee728b)  -> (artifact id: '7e032e7c7439b030f86811a6a7232a14') in 0.010138 seconds
  Import took 0.013682 seconds .

========================================================================
Received Import Request.
  Time since last request: 78.614474 seconds.
  path: Assets/Resources/ResConfig/RandomName.xml
  artifactKey: Guid(d416a5e2642a0a64593996b565cef505) Importer(815301076,1909f56bfc062723c751e8b465ee728b)
Start importing Assets/Resources/ResConfig/RandomName.xml using Guid(d416a5e2642a0a64593996b565cef505) Importer(815301076,1909f56bfc062723c751e8b465ee728b)  -> (artifact id: 'a2af36b86176e8892ed971c27d96d259') in 0.022783 seconds
  Import took 0.025720 seconds .

========================================================================
Received Import Request.
  Time since last request: 0.175437 seconds.
  path: Assets/Resources/ResConfig/RandomName.xml
  artifactKey: Guid(d416a5e2642a0a64593996b565cef505) Importer(815301076,1909f56bfc062723c751e8b465ee728b)
Start importing Assets/Resources/ResConfig/RandomName.xml using Guid(d416a5e2642a0a64593996b565cef505) Importer(815301076,1909f56bfc062723c751e8b465ee728b)  -> (artifact id: 'a2af36b86176e8892ed971c27d96d259') in 0.005611 seconds
  Import took 0.008238 seconds .

========================================================================
Received Prepare
Registering precompiled user dll's ...
Registered in 0.001924 seconds.
Begin MonoManager ReloadAssembly
Native extension for WindowsStandalone target not found
Refreshing native plugins compatible for Editor in 0.35 ms, found 0 plugins.
Preloading 0 native plugins for Editor in 0.00 ms.
Mono: successfully reloaded assembly
- Completed reload, in  1.283 seconds
Platform modules already initialized, skipping
Refreshing native plugins compatible for Editor in 0.37 ms, found 0 plugins.
Preloading 0 native plugins for Editor in 0.00 ms.
Unloading 1161 Unused Serialized files (Serialized files now loaded: 0)
System memory in use before: 59.1 MB.
System memory in use after: 59.2 MB.

Unloading 4 unused Assets to reduce memory usage. Loaded Objects now: 1637.
Total: 2.400401 ms (FindLiveObjects: 0.216177 ms CreateObjectMapping: 0.117069 ms MarkObjects: 2.038609 ms  DeleteObjects: 0.026300 ms)

========================================================================
Received Prepare
Registering precompiled user dll's ...
Registered in 0.001654 seconds.
Begin MonoManager ReloadAssembly
Native extension for WindowsStandalone target not found
Refreshing native plugins compatible for Editor in 0.30 ms, found 0 plugins.
Preloading 0 native plugins for Editor in 0.00 ms.
Mono: successfully reloaded assembly
- Completed reload, in  1.283 seconds
Platform modules already initialized, skipping
Refreshing native plugins compatible for Editor in 0.28 ms, found 0 plugins.
Preloading 0 native plugins for Editor in 0.00 ms.
Unloading 1161 Unused Serialized files (Serialized files now loaded: 0)
System memory in use before: 59.1 MB.
System memory in use after: 59.2 MB.

Unloading 4 unused Assets to reduce memory usage. Loaded Objects now: 1640.
Total: 2.101153 ms (FindLiveObjects: 0.150747 ms CreateObjectMapping: 0.047469 ms MarkObjects: 1.868939 ms  DeleteObjects: 0.032395 ms)

AssetImportWorkerClient::OnTransportError - code=2 error=End of file
