Using pre-set license
Built from '2020.3/china_unity/release' branch; Version is '2020.3.4f1c1 (3d27070cb163) revision 4007687'; Using compiler version '192528614'; Build Type 'Release'
OS: 'Windows 7  (6.1.0) 64bit' Language: 'zh' Physical Memory: 16284 MB
BatchMode: 1, IsHumanControllingUs: 0, StartBugReporterOnCrash: 0, Is64bit: 1, IsPro: 0

 COMMAND LINE ARGUMENTS:
C:\Program Files\Unity\Hub\Editor\2020.3.4f1c1\Unity\Editor\Unity.exe
-adb2
-batchMode
-noUpm
-name
AssetImportWorker0
-projectPath
E:/unity_project/DarkGod
-logFile
Logs/AssetImportWorker0.log
-srvPort
58063
Successfully changed project path to: E:/unity_project/DarkGod
E:/unity_project/DarkGod
Using Asset Import Pipeline V2.
Refreshing native plugins compatible for Editor in 47.44 ms, found 0 plugins.
Preloading 0 native plugins for Editor in 0.00 ms.
Initialize engine version: 2020.3.4f1c1 (3d27070cb163)
[Subsystems] Discovering subsystems at path C:/Program Files/Unity/Hub/Editor/2020.3.4f1c1/Unity/Editor/Data/Resources/UnitySubsystems
[Subsystems] Discovering subsystems at path E:/unity_project/DarkGod/Assets
GfxDevice: creating device client; threaded=0
d3d11: CreateDXGIFactory2(...) not found, fallbacking to CreateDXGIFactory1(...).
d3d11: QueryInterface(IDXGIFactory5) failed (80004002).
Direct3D:
    Version:  Direct3D 11.0 [level 11.0]
    Renderer: NVIDIA GeForce GTX 750 Ti (ID=0x1380)
    Vendor:   
    VRAM:     963 MB
    Driver:   23.21.13.9101
Initialize mono
Mono path[0] = 'C:/Program Files/Unity/Hub/Editor/2020.3.4f1c1/Unity/Editor/Data/Managed'
Mono path[1] = 'C:/Program Files/Unity/Hub/Editor/2020.3.4f1c1/Unity/Editor/Data/MonoBleedingEdge/lib/mono/unityjit'
Mono config path = 'C:/Program Files/Unity/Hub/Editor/2020.3.4f1c1/Unity/Editor/Data/MonoBleedingEdge/etc'
Using monoOptions --debugger-agent=transport=dt_socket,embedding=1,server=y,suspend=n,address=127.0.0.1:56008
Begin MonoManager ReloadAssembly
Registering precompiled unity dll's ...
Register platform support module: C:/Program Files/Unity/Hub/Editor/2020.3.4f1c1/Unity/Editor/Data/PlaybackEngines/WindowsStandaloneSupport/UnityEditor.WindowsStandalone.Extensions.dll
Registered in 0.008837 seconds.
Native extension for WindowsStandalone target not found
Refreshing native plugins compatible for Editor in 36.24 ms, found 0 plugins.
Preloading 0 native plugins for Editor in 0.00 ms.
Mono: successfully reloaded assembly
- Completed reload, in  4.240 seconds
Platform modules already initialized, skipping
Registering precompiled user dll's ...
Registered in 0.003185 seconds.
Begin MonoManager ReloadAssembly
Native extension for WindowsStandalone target not found
Refreshing native plugins compatible for Editor in 0.34 ms, found 0 plugins.
Preloading 0 native plugins for Editor in 0.00 ms.
Mono: successfully reloaded assembly
- Completed reload, in  2.564 seconds
Platform modules already initialized, skipping
========================================================================
Worker process is ready to serve import requests
Launched and connected shader compiler UnityShaderCompiler.exe after 0.30 seconds
Refreshing native plugins compatible for Editor in 0.35 ms, found 0 plugins.
Preloading 0 native plugins for Editor in 0.00 ms.
Unloading 1168 Unused Serialized files (Serialized files now loaded: 0)
System memory in use before: 59.4 MB.
System memory in use after: 59.4 MB.

Unloading 9 unused Assets to reduce memory usage. Loaded Objects now: 1616.
Total: 2.859698 ms (FindLiveObjects: 0.166142 ms CreateObjectMapping: 0.184424 ms MarkObjects: 2.444663 ms  DeleteObjects: 0.062223 ms)

========================================================================
Received Import Request.
  path: Assets/Scripts/Service/ResSvc.cs
  artifactKey: Guid(90c7f58e0ab87404595bcd7401fefad9) Importer(815301076,1909f56bfc062723c751e8b465ee728b)
Start importing Assets/Scripts/Service/ResSvc.cs using Guid(90c7f58e0ab87404595bcd7401fefad9) Importer(815301076,1909f56bfc062723c751e8b465ee728b)  -> (artifact id: 'a3a2905891ec8df99da59a09b08d688f') in 0.656485 seconds
  Import took 0.659230 seconds .

========================================================================
Received Import Request.
  Time since last request: 1323.402222 seconds.
  path: Assets/Scripts/Service/ResSvc.cs
  artifactKey: Guid(90c7f58e0ab87404595bcd7401fefad9) Importer(815301076,1909f56bfc062723c751e8b465ee728b)
Start importing Assets/Scripts/Service/ResSvc.cs using Guid(90c7f58e0ab87404595bcd7401fefad9) Importer(815301076,1909f56bfc062723c751e8b465ee728b)  -> (artifact id: '6503a2c561dade525fa0465573c618fb') in 0.004796 seconds
  Import took 0.007828 seconds .

========================================================================
Received Prepare
Registering precompiled user dll's ...
Registered in 0.001524 seconds.
Begin MonoManager ReloadAssembly
Native extension for WindowsStandalone target not found
Refreshing native plugins compatible for Editor in 0.27 ms, found 0 plugins.
Preloading 0 native plugins for Editor in 0.00 ms.
Mono: successfully reloaded assembly
- Completed reload, in  1.239 seconds
Platform modules already initialized, skipping
Refreshing native plugins compatible for Editor in 0.28 ms, found 0 plugins.
Preloading 0 native plugins for Editor in 0.00 ms.
Unloading 1161 Unused Serialized files (Serialized files now loaded: 0)
System memory in use before: 59.1 MB.
System memory in use after: 59.2 MB.

Unloading 4 unused Assets to reduce memory usage. Loaded Objects now: 1619.
Total: 1.866694 ms (FindLiveObjects: 0.154596 ms CreateObjectMapping: 0.050356 ms MarkObjects: 1.642819 ms  DeleteObjects: 0.017320 ms)

========================================================================
Received Import Request.
  Time since last request: 27.661869 seconds.
  path: Assets/Scripts/Service/ResSvc.cs
  artifactKey: Guid(90c7f58e0ab87404595bcd7401fefad9) Importer(815301076,1909f56bfc062723c751e8b465ee728b)
Start importing Assets/Scripts/Service/ResSvc.cs using Guid(90c7f58e0ab87404595bcd7401fefad9) Importer(815301076,1909f56bfc062723c751e8b465ee728b)  -> (artifact id: '241533cc2ebee1f8c9b6488ab802c03c') in 0.007023 seconds
  Import took 0.009546 seconds .

========================================================================
Received Prepare
Registering precompiled user dll's ...
Registered in 0.001521 seconds.
Begin MonoManager ReloadAssembly
Native extension for WindowsStandalone target not found
Refreshing native plugins compatible for Editor in 0.31 ms, found 0 plugins.
Preloading 0 native plugins for Editor in 0.00 ms.
Mono: successfully reloaded assembly
- Completed reload, in  1.280 seconds
Platform modules already initialized, skipping
Refreshing native plugins compatible for Editor in 0.27 ms, found 0 plugins.
Preloading 0 native plugins for Editor in 0.00 ms.
Unloading 1161 Unused Serialized files (Serialized files now loaded: 0)
System memory in use before: 59.1 MB.
System memory in use after: 59.2 MB.

Unloading 4 unused Assets to reduce memory usage. Loaded Objects now: 1622.
Total: 2.143490 ms (FindLiveObjects: 0.208480 ms CreateObjectMapping: 0.101674 ms MarkObjects: 1.813772 ms  DeleteObjects: 0.016999 ms)

========================================================================
Received Import Request.
  Time since last request: 21.745704 seconds.
  path: Assets/Scripts/Service/ResSvc.cs
  artifactKey: Guid(90c7f58e0ab87404595bcd7401fefad9) Importer(815301076,1909f56bfc062723c751e8b465ee728b)
Start importing Assets/Scripts/Service/ResSvc.cs using Guid(90c7f58e0ab87404595bcd7401fefad9) Importer(815301076,1909f56bfc062723c751e8b465ee728b)  -> (artifact id: '131f040cb128fedb6a59056ac00da127') in 0.008466 seconds
  Import took 0.011300 seconds .

========================================================================
Received Prepare
Registering precompiled user dll's ...
Registered in 0.001443 seconds.
Begin MonoManager ReloadAssembly
Native extension for WindowsStandalone target not found
Refreshing native plugins compatible for Editor in 0.28 ms, found 0 plugins.
Preloading 0 native plugins for Editor in 0.00 ms.
Mono: successfully reloaded assembly
- Completed reload, in  1.303 seconds
Platform modules already initialized, skipping
Refreshing native plugins compatible for Editor in 0.28 ms, found 0 plugins.
Preloading 0 native plugins for Editor in 0.00 ms.
Unloading 1161 Unused Serialized files (Serialized files now loaded: 0)
System memory in use before: 59.2 MB.
System memory in use after: 59.3 MB.

Unloading 4 unused Assets to reduce memory usage. Loaded Objects now: 1625.
Total: 2.754496 ms (FindLiveObjects: 0.189235 ms CreateObjectMapping: 0.093655 ms MarkObjects: 2.448512 ms  DeleteObjects: 0.020527 ms)

========================================================================
Received Import Request.
  Time since last request: 30.366351 seconds.
  path: Assets/Scripts/Service/ResSvc.cs
  artifactKey: Guid(90c7f58e0ab87404595bcd7401fefad9) Importer(815301076,1909f56bfc062723c751e8b465ee728b)
Start importing Assets/Scripts/Service/ResSvc.cs using Guid(90c7f58e0ab87404595bcd7401fefad9) Importer(815301076,1909f56bfc062723c751e8b465ee728b)  -> (artifact id: 'dd616b283e7c114ed1987873a68d5f6e') in 0.007770 seconds
  Import took 0.010390 seconds .

========================================================================
Received Prepare
Registering precompiled user dll's ...
Registered in 0.001507 seconds.
Begin MonoManager ReloadAssembly
Native extension for WindowsStandalone target not found
Refreshing native plugins compatible for Editor in 0.34 ms, found 0 plugins.
Preloading 0 native plugins for Editor in 0.00 ms.
Mono: successfully reloaded assembly
- Completed reload, in  1.125 seconds
Platform modules already initialized, skipping
Refreshing native plugins compatible for Editor in 0.27 ms, found 0 plugins.
Preloading 0 native plugins for Editor in 0.00 ms.
Unloading 1161 Unused Serialized files (Serialized files now loaded: 0)
System memory in use before: 59.2 MB.
System memory in use after: 59.3 MB.

Unloading 4 unused Assets to reduce memory usage. Loaded Objects now: 1628.
Total: 2.288785 ms (FindLiveObjects: 0.213932 ms CreateObjectMapping: 0.131502 ms MarkObjects: 1.908390 ms  DeleteObjects: 0.033677 ms)

========================================================================
Received Import Request.
  Time since last request: 75.560593 seconds.
  path: Assets/Scripts/Service/ResSvc.cs
  artifactKey: Guid(90c7f58e0ab87404595bcd7401fefad9) Importer(815301076,1909f56bfc062723c751e8b465ee728b)
Start importing Assets/Scripts/Service/ResSvc.cs using Guid(90c7f58e0ab87404595bcd7401fefad9) Importer(815301076,1909f56bfc062723c751e8b465ee728b)  -> (artifact id: '1e58f120667e07badcb7ec34a92b5e46') in 0.010049 seconds
  Import took 0.013706 seconds .

========================================================================
Received Prepare
Registering precompiled user dll's ...
Registered in 0.001427 seconds.
Begin MonoManager ReloadAssembly
Native extension for WindowsStandalone target not found
Refreshing native plugins compatible for Editor in 0.27 ms, found 0 plugins.
Preloading 0 native plugins for Editor in 0.00 ms.
Mono: successfully reloaded assembly
- Completed reload, in  1.288 seconds
Platform modules already initialized, skipping
Refreshing native plugins compatible for Editor in 0.26 ms, found 0 plugins.
Preloading 0 native plugins for Editor in 0.00 ms.
Unloading 1161 Unused Serialized files (Serialized files now loaded: 0)
System memory in use before: 59.2 MB.
System memory in use after: 59.3 MB.

Unloading 4 unused Assets to reduce memory usage. Loaded Objects now: 1631.
Total: 5.478842 ms (FindLiveObjects: 0.167104 ms CreateObjectMapping: 0.078260 ms MarkObjects: 5.195952 ms  DeleteObjects: 0.035281 ms)

========================================================================
Received Import Request.
  Time since last request: 96.224303 seconds.
  path: Assets/Scripts/Service/ResSvc.cs
  artifactKey: Guid(90c7f58e0ab87404595bcd7401fefad9) Importer(815301076,1909f56bfc062723c751e8b465ee728b)
Start importing Assets/Scripts/Service/ResSvc.cs using Guid(90c7f58e0ab87404595bcd7401fefad9) Importer(815301076,1909f56bfc062723c751e8b465ee728b)  -> (artifact id: 'e45d7e06253f2b1ac6b30312b0749052') in 0.012671 seconds
  Import took 0.017102 seconds .

========================================================================
Received Prepare
Registering precompiled user dll's ...
Registered in 0.001438 seconds.
Begin MonoManager ReloadAssembly
Native extension for WindowsStandalone target not found
Refreshing native plugins compatible for Editor in 0.38 ms, found 0 plugins.
Preloading 0 native plugins for Editor in 0.00 ms.
Mono: successfully reloaded assembly
- Completed reload, in  1.252 seconds
Platform modules already initialized, skipping
Refreshing native plugins compatible for Editor in 0.36 ms, found 0 plugins.
Preloading 0 native plugins for Editor in 0.00 ms.
Unloading 1161 Unused Serialized files (Serialized files now loaded: 0)
System memory in use before: 59.2 MB.
System memory in use after: 59.3 MB.

Unloading 4 unused Assets to reduce memory usage. Loaded Objects now: 1634.
Total: 2.344272 ms (FindLiveObjects: 0.164859 ms CreateObjectMapping: 0.049073 ms MarkObjects: 2.110134 ms  DeleteObjects: 0.018282 ms)

========================================================================
Received Import Request.
  Time since last request: 74.934640 seconds.
  path: Assets/Scripts/Service/ResSvc.cs
  artifactKey: Guid(90c7f58e0ab87404595bcd7401fefad9) Importer(815301076,1909f56bfc062723c751e8b465ee728b)
Start importing Assets/Scripts/Service/ResSvc.cs using Guid(90c7f58e0ab87404595bcd7401fefad9) Importer(815301076,1909f56bfc062723c751e8b465ee728b)  -> (artifact id: '3a4c57a8ea08d33f3cd92e6b71b3cfab') in 0.010744 seconds
  Import took 0.015600 seconds .

========================================================================
Received Prepare
Registering precompiled user dll's ...
Registered in 0.001619 seconds.
Begin MonoManager ReloadAssembly
Native extension for WindowsStandalone target not found
Refreshing native plugins compatible for Editor in 0.27 ms, found 0 plugins.
Preloading 0 native plugins for Editor in 0.00 ms.
Mono: successfully reloaded assembly
- Completed reload, in  1.295 seconds
Platform modules already initialized, skipping
Refreshing native plugins compatible for Editor in 0.32 ms, found 0 plugins.
Preloading 0 native plugins for Editor in 0.00 ms.
Unloading 1161 Unused Serialized files (Serialized files now loaded: 0)
System memory in use before: 59.2 MB.
System memory in use after: 59.3 MB.

Unloading 4 unused Assets to reduce memory usage. Loaded Objects now: 1637.
Total: 2.172357 ms (FindLiveObjects: 0.169350 ms CreateObjectMapping: 0.075694 ms MarkObjects: 1.900371 ms  DeleteObjects: 0.025338 ms)

========================================================================
Received Prepare
Registering precompiled user dll's ...
Registered in 0.001608 seconds.
Begin MonoManager ReloadAssembly
Native extension for WindowsStandalone target not found
Refreshing native plugins compatible for Editor in 0.35 ms, found 0 plugins.
Preloading 0 native plugins for Editor in 0.00 ms.
Mono: successfully reloaded assembly
- Completed reload, in  1.260 seconds
Platform modules already initialized, skipping
Refreshing native plugins compatible for Editor in 0.26 ms, found 0 plugins.
Preloading 0 native plugins for Editor in 0.00 ms.
Unloading 1162 Unused Serialized files (Serialized files now loaded: 0)
System memory in use before: 59.2 MB.
System memory in use after: 59.3 MB.

Unloading 4 unused Assets to reduce memory usage. Loaded Objects now: 1641.
Total: 3.359728 ms (FindLiveObjects: 0.160690 ms CreateObjectMapping: 0.050356 ms MarkObjects: 3.127514 ms  DeleteObjects: 0.019244 ms)

========================================================================
Received Prepare
Registering precompiled user dll's ...
Registered in 0.001444 seconds.
Begin MonoManager ReloadAssembly
Native extension for WindowsStandalone target not found
Refreshing native plugins compatible for Editor in 0.27 ms, found 0 plugins.
Preloading 0 native plugins for Editor in 0.00 ms.
Mono: successfully reloaded assembly
- Completed reload, in  1.304 seconds
Platform modules already initialized, skipping
Refreshing native plugins compatible for Editor in 0.31 ms, found 0 plugins.
Preloading 0 native plugins for Editor in 0.00 ms.
Unloading 1162 Unused Serialized files (Serialized files now loaded: 0)
System memory in use before: 59.2 MB.
System memory in use after: 59.3 MB.

Unloading 4 unused Assets to reduce memory usage. Loaded Objects now: 1644.
Total: 2.285256 ms (FindLiveObjects: 0.167104 ms CreateObjectMapping: 0.073128 ms MarkObjects: 2.012629 ms  DeleteObjects: 0.030470 ms)

========================================================================
Received Prepare
Registering precompiled user dll's ...
Registered in 0.001439 seconds.
Begin MonoManager ReloadAssembly
Native extension for WindowsStandalone target not found
Refreshing native plugins compatible for Editor in 0.27 ms, found 0 plugins.
Preloading 0 native plugins for Editor in 0.00 ms.
Mono: successfully reloaded assembly
- Completed reload, in  1.211 seconds
Platform modules already initialized, skipping
Refreshing native plugins compatible for Editor in 0.28 ms, found 0 plugins.
Preloading 0 native plugins for Editor in 0.00 ms.
Unloading 1162 Unused Serialized files (Serialized files now loaded: 0)
System memory in use before: 59.2 MB.
System memory in use after: 59.3 MB.

Unloading 4 unused Assets to reduce memory usage. Loaded Objects now: 1647.
Total: 2.564619 ms (FindLiveObjects: 0.239591 ms CreateObjectMapping: 0.115145 ms MarkObjects: 2.157924 ms  DeleteObjects: 0.050035 ms)

========================================================================
Received Prepare
Registering precompiled user dll's ...
Registered in 0.001988 seconds.
Begin MonoManager ReloadAssembly
Native extension for WindowsStandalone target not found
Refreshing native plugins compatible for Editor in 0.26 ms, found 0 plugins.
Preloading 0 native plugins for Editor in 0.00 ms.
Mono: successfully reloaded assembly
- Completed reload, in  1.250 seconds
Platform modules already initialized, skipping
Refreshing native plugins compatible for Editor in 0.27 ms, found 0 plugins.
Preloading 0 native plugins for Editor in 0.00 ms.
Unloading 1162 Unused Serialized files (Serialized files now loaded: 0)
System memory in use before: 59.2 MB.
System memory in use after: 59.3 MB.

Unloading 4 unused Assets to reduce memory usage. Loaded Objects now: 1650.
Total: 2.131944 ms (FindLiveObjects: 0.195650 ms CreateObjectMapping: 0.092693 ms MarkObjects: 1.826601 ms  DeleteObjects: 0.015395 ms)

========================================================================
Received Prepare
Registering precompiled user dll's ...
Registered in 0.001516 seconds.
Begin MonoManager ReloadAssembly
Native extension for WindowsStandalone target not found
Refreshing native plugins compatible for Editor in 0.27 ms, found 0 plugins.
Preloading 0 native plugins for Editor in 0.00 ms.
Mono: successfully reloaded assembly
- Completed reload, in  1.183 seconds
Platform modules already initialized, skipping
Refreshing native plugins compatible for Editor in 0.27 ms, found 0 plugins.
Preloading 0 native plugins for Editor in 0.00 ms.
Unloading 1162 Unused Serialized files (Serialized files now loaded: 0)
System memory in use before: 59.2 MB.
System memory in use after: 59.3 MB.

Unloading 4 unused Assets to reduce memory usage. Loaded Objects now: 1653.
Total: 2.597014 ms (FindLiveObjects: 0.162935 ms CreateObjectMapping: 0.073770 ms MarkObjects: 2.342348 ms  DeleteObjects: 0.016037 ms)

========================================================================
Received Prepare
Registering precompiled user dll's ...
Registered in 0.001640 seconds.
Begin MonoManager ReloadAssembly
Native extension for WindowsStandalone target not found
Refreshing native plugins compatible for Editor in 0.38 ms, found 0 plugins.
Preloading 0 native plugins for Editor in 0.00 ms.
Mono: successfully reloaded assembly
- Completed reload, in  1.211 seconds
Platform modules already initialized, skipping
Refreshing native plugins compatible for Editor in 0.33 ms, found 0 plugins.
Preloading 0 native plugins for Editor in 0.00 ms.
Unloading 1162 Unused Serialized files (Serialized files now loaded: 0)
System memory in use before: 59.2 MB.
System memory in use after: 59.3 MB.

Unloading 4 unused Assets to reduce memory usage. Loaded Objects now: 1656.
Total: 2.879904 ms (FindLiveObjects: 0.220988 ms CreateObjectMapping: 0.116428 ms MarkObjects: 2.508490 ms  DeleteObjects: 0.031753 ms)

========================================================================
Received Prepare
Registering precompiled user dll's ...
Registered in 0.001323 seconds.
Begin MonoManager ReloadAssembly
Native extension for WindowsStandalone target not found
Refreshing native plugins compatible for Editor in 0.44 ms, found 0 plugins.
Preloading 0 native plugins for Editor in 0.00 ms.
Mono: successfully reloaded assembly
- Completed reload, in  1.229 seconds
Platform modules already initialized, skipping
Refreshing native plugins compatible for Editor in 0.46 ms, found 0 plugins.
Preloading 0 native plugins for Editor in 0.00 ms.
Unloading 1162 Unused Serialized files (Serialized files now loaded: 0)
System memory in use before: 59.2 MB.
System memory in use after: 59.3 MB.

Unloading 4 unused Assets to reduce memory usage. Loaded Objects now: 1659.
Total: 2.132585 ms (FindLiveObjects: 0.162293 ms CreateObjectMapping: 0.048111 ms MarkObjects: 1.888504 ms  DeleteObjects: 0.031753 ms)

========================================================================
Received Prepare
Registering precompiled user dll's ...
Registered in 0.001555 seconds.
Begin MonoManager ReloadAssembly
Native extension for WindowsStandalone target not found
Refreshing native plugins compatible for Editor in 0.31 ms, found 0 plugins.
Preloading 0 native plugins for Editor in 0.00 ms.
Mono: successfully reloaded assembly
- Completed reload, in  1.260 seconds
Platform modules already initialized, skipping
Refreshing native plugins compatible for Editor in 0.28 ms, found 0 plugins.
Preloading 0 native plugins for Editor in 0.00 ms.
Unloading 1162 Unused Serialized files (Serialized files now loaded: 0)
System memory in use before: 59.2 MB.
System memory in use after: 59.3 MB.

Unloading 4 unused Assets to reduce memory usage. Loaded Objects now: 1662.
Total: 2.104040 ms (FindLiveObjects: 0.177047 ms CreateObjectMapping: 0.082430 ms MarkObjects: 1.828526 ms  DeleteObjects: 0.014754 ms)

========================================================================
Received Prepare
Registering precompiled user dll's ...
Registered in 0.001471 seconds.
Begin MonoManager ReloadAssembly
Native extension for WindowsStandalone target not found
Refreshing native plugins compatible for Editor in 0.41 ms, found 0 plugins.
Preloading 0 native plugins for Editor in 0.00 ms.
Mono: successfully reloaded assembly
- Completed reload, in  1.224 seconds
Platform modules already initialized, skipping
Refreshing native plugins compatible for Editor in 0.27 ms, found 0 plugins.
Preloading 0 native plugins for Editor in 0.00 ms.
Unloading 1162 Unused Serialized files (Serialized files now loaded: 0)
System memory in use before: 59.3 MB.
System memory in use after: 59.4 MB.

Unloading 4 unused Assets to reduce memory usage. Loaded Objects now: 1665.
Total: 3.050216 ms (FindLiveObjects: 0.200782 ms CreateObjectMapping: 0.088524 ms MarkObjects: 2.725950 ms  DeleteObjects: 0.032715 ms)

========================================================================
Received Prepare
Registering precompiled user dll's ...
Registered in 0.001549 seconds.
Begin MonoManager ReloadAssembly
Native extension for WindowsStandalone target not found
Refreshing native plugins compatible for Editor in 0.28 ms, found 0 plugins.
Preloading 0 native plugins for Editor in 0.00 ms.
Mono: successfully reloaded assembly
- Completed reload, in  1.543 seconds
Platform modules already initialized, skipping
Refreshing native plugins compatible for Editor in 0.28 ms, found 0 plugins.
Preloading 0 native plugins for Editor in 0.00 ms.
Unloading 1162 Unused Serialized files (Serialized files now loaded: 0)
System memory in use before: 59.3 MB.
System memory in use after: 59.4 MB.

Unloading 4 unused Assets to reduce memory usage. Loaded Objects now: 1668.
Total: 2.216298 ms (FindLiveObjects: 0.261722 ms CreateObjectMapping: 0.061261 ms MarkObjects: 1.874071 ms  DeleteObjects: 0.017320 ms)

========================================================================
Received Prepare
Registering precompiled user dll's ...
Registered in 0.001420 seconds.
Begin MonoManager ReloadAssembly
Native extension for WindowsStandalone target not found
Refreshing native plugins compatible for Editor in 0.32 ms, found 0 plugins.
Preloading 0 native plugins for Editor in 0.00 ms.
Mono: successfully reloaded assembly
- Completed reload, in  1.261 seconds
Platform modules already initialized, skipping
Refreshing native plugins compatible for Editor in 0.34 ms, found 0 plugins.
Preloading 0 native plugins for Editor in 0.00 ms.
Unloading 1162 Unused Serialized files (Serialized files now loaded: 0)
System memory in use before: 59.3 MB.
System memory in use after: 59.4 MB.

Unloading 4 unused Assets to reduce memory usage. Loaded Objects now: 1671.
Total: 2.181017 ms (FindLiveObjects: 0.166142 ms CreateObjectMapping: 0.049073 ms MarkObjects: 1.930200 ms  DeleteObjects: 0.030149 ms)

========================================================================
Received Prepare
Registering precompiled user dll's ...
Registered in 0.001436 seconds.
Begin MonoManager ReloadAssembly
Native extension for WindowsStandalone target not found
Refreshing native plugins compatible for Editor in 0.65 ms, found 0 plugins.
Preloading 0 native plugins for Editor in 0.00 ms.
Mono: successfully reloaded assembly
- Completed reload, in  1.230 seconds
Platform modules already initialized, skipping
Refreshing native plugins compatible for Editor in 0.32 ms, found 0 plugins.
Preloading 0 native plugins for Editor in 0.00 ms.
Unloading 1162 Unused Serialized files (Serialized files now loaded: 0)
System memory in use before: 59.3 MB.
System memory in use after: 59.4 MB.

Unloading 4 unused Assets to reduce memory usage. Loaded Objects now: 1674.
Total: 2.345876 ms (FindLiveObjects: 0.186669 ms CreateObjectMapping: 0.077298 ms MarkObjects: 2.054646 ms  DeleteObjects: 0.025659 ms)

========================================================================
Received Import Request.
  Time since last request: 1337.636516 seconds.
  path: Assets/Scripts/Service/ResSvc.cs
  artifactKey: Guid(90c7f58e0ab87404595bcd7401fefad9) Importer(815301076,1909f56bfc062723c751e8b465ee728b)
Start importing Assets/Scripts/Service/ResSvc.cs using Guid(90c7f58e0ab87404595bcd7401fefad9) Importer(815301076,1909f56bfc062723c751e8b465ee728b)  -> (artifact id: 'ee2ef34f787b009d269f3355c4c6427b') in 0.033940 seconds
  Import took 0.037128 seconds .

========================================================================
Received Import Request.
  Time since last request: 0.141401 seconds.
  path: Assets/Scripts/Service/ResSvc.cs
  artifactKey: Guid(90c7f58e0ab87404595bcd7401fefad9) Importer(815301076,1909f56bfc062723c751e8b465ee728b)
Start importing Assets/Scripts/Service/ResSvc.cs using Guid(90c7f58e0ab87404595bcd7401fefad9) Importer(815301076,1909f56bfc062723c751e8b465ee728b)  -> (artifact id: 'ee2ef34f787b009d269f3355c4c6427b') in 0.009341 seconds
  Import took 0.013259 seconds .

========================================================================
Received Prepare
Registering precompiled user dll's ...
Registered in 0.002515 seconds.
Begin MonoManager ReloadAssembly
Native extension for WindowsStandalone target not found
Refreshing native plugins compatible for Editor in 0.39 ms, found 0 plugins.
Preloading 0 native plugins for Editor in 0.00 ms.
Mono: successfully reloaded assembly
- Completed reload, in  1.213 seconds
Platform modules already initialized, skipping
Refreshing native plugins compatible for Editor in 0.27 ms, found 0 plugins.
Preloading 0 native plugins for Editor in 0.00 ms.
Unloading 1162 Unused Serialized files (Serialized files now loaded: 0)
System memory in use before: 59.3 MB.
System memory in use after: 59.4 MB.

Unloading 4 unused Assets to reduce memory usage. Loaded Objects now: 1677.
Total: 2.797475 ms (FindLiveObjects: 0.310474 ms CreateObjectMapping: 0.135993 ms MarkObjects: 2.299690 ms  DeleteObjects: 0.048111 ms)

========================================================================
Received Import Request.
  Time since last request: 97.203435 seconds.
  path: Assets/Scripts/Service/ResSvc.cs
  artifactKey: Guid(90c7f58e0ab87404595bcd7401fefad9) Importer(815301076,1909f56bfc062723c751e8b465ee728b)
Start importing Assets/Scripts/Service/ResSvc.cs using Guid(90c7f58e0ab87404595bcd7401fefad9) Importer(815301076,1909f56bfc062723c751e8b465ee728b)  -> (artifact id: '4753a19cf772ca1a5a9597803df960a4') in 0.012758 seconds
  Import took 0.043505 seconds .

========================================================================
Received Prepare
Registering precompiled user dll's ...
Registered in 0.001704 seconds.
Begin MonoManager ReloadAssembly
Native extension for WindowsStandalone target not found
Refreshing native plugins compatible for Editor in 0.27 ms, found 0 plugins.
Preloading 0 native plugins for Editor in 0.00 ms.
Mono: successfully reloaded assembly
- Completed reload, in  1.211 seconds
Platform modules already initialized, skipping
Refreshing native plugins compatible for Editor in 0.31 ms, found 0 plugins.
Preloading 0 native plugins for Editor in 0.00 ms.
Unloading 1162 Unused Serialized files (Serialized files now loaded: 0)
System memory in use before: 59.3 MB.
System memory in use after: 59.4 MB.

Unloading 4 unused Assets to reduce memory usage. Loaded Objects now: 1680.
Total: 3.077158 ms (FindLiveObjects: 0.261081 ms CreateObjectMapping: 0.141445 ms MarkObjects: 2.632936 ms  DeleteObjects: 0.040092 ms)

========================================================================
Received Import Request.
  Time since last request: 11.098138 seconds.
  path: Assets/Scripts/Service/ResSvc.cs
  artifactKey: Guid(90c7f58e0ab87404595bcd7401fefad9) Importer(815301076,1909f56bfc062723c751e8b465ee728b)
Start importing Assets/Scripts/Service/ResSvc.cs using Guid(90c7f58e0ab87404595bcd7401fefad9) Importer(815301076,1909f56bfc062723c751e8b465ee728b)  -> (artifact id: '9ca0b1ec9cf776cc2f2be69ba494999f') in 0.008059 seconds
  Import took 0.010818 seconds .

========================================================================
Received Prepare
Registering precompiled user dll's ...
Registered in 0.001858 seconds.
Begin MonoManager ReloadAssembly
Native extension for WindowsStandalone target not found
Refreshing native plugins compatible for Editor in 0.27 ms, found 0 plugins.
Preloading 0 native plugins for Editor in 0.00 ms.
Mono: successfully reloaded assembly
- Completed reload, in  1.405 seconds
Platform modules already initialized, skipping
Refreshing native plugins compatible for Editor in 0.38 ms, found 0 plugins.
Preloading 0 native plugins for Editor in 0.00 ms.
Unloading 1162 Unused Serialized files (Serialized files now loaded: 0)
System memory in use before: 59.3 MB.
System memory in use after: 59.4 MB.

Unloading 4 unused Assets to reduce memory usage. Loaded Objects now: 1683.
Total: 3.361011 ms (FindLiveObjects: 0.350246 ms CreateObjectMapping: 0.172878 ms MarkObjects: 2.815757 ms  DeleteObjects: 0.020206 ms)

========================================================================
Received Import Request.
  Time since last request: 32.853972 seconds.
  path: Assets/Scripts/Service/ResSvc.cs
  artifactKey: Guid(90c7f58e0ab87404595bcd7401fefad9) Importer(815301076,1909f56bfc062723c751e8b465ee728b)
Start importing Assets/Scripts/Service/ResSvc.cs using Guid(90c7f58e0ab87404595bcd7401fefad9) Importer(815301076,1909f56bfc062723c751e8b465ee728b)  -> (artifact id: '71d5e3fae404d6e3fd089c8b884901ba') in 0.008663 seconds
  Import took 0.012114 seconds .

========================================================================
Received Prepare
Registering precompiled user dll's ...
Registered in 0.001506 seconds.
Begin MonoManager ReloadAssembly
Native extension for WindowsStandalone target not found
Refreshing native plugins compatible for Editor in 0.31 ms, found 0 plugins.
Preloading 0 native plugins for Editor in 0.00 ms.
Mono: successfully reloaded assembly
- Completed reload, in  1.414 seconds
Platform modules already initialized, skipping
Refreshing native plugins compatible for Editor in 0.27 ms, found 0 plugins.
Preloading 0 native plugins for Editor in 0.00 ms.
Unloading 1162 Unused Serialized files (Serialized files now loaded: 0)
System memory in use before: 59.3 MB.
System memory in use after: 59.4 MB.

Unloading 4 unused Assets to reduce memory usage. Loaded Objects now: 1686.
Total: 2.436324 ms (FindLiveObjects: 0.211045 ms CreateObjectMapping: 0.091410 ms MarkObjects: 2.102115 ms  DeleteObjects: 0.030470 ms)

========================================================================
Received Import Request.
  Time since last request: 24.387186 seconds.
  path: Assets/Scripts/Service/ResSvc.cs
  artifactKey: Guid(90c7f58e0ab87404595bcd7401fefad9) Importer(815301076,1909f56bfc062723c751e8b465ee728b)
Start importing Assets/Scripts/Service/ResSvc.cs using Guid(90c7f58e0ab87404595bcd7401fefad9) Importer(815301076,1909f56bfc062723c751e8b465ee728b)  -> (artifact id: '4f6bb111672bb233cc515acd094a840c') in 0.011571 seconds
  Import took 0.023393 seconds .

========================================================================
Received Import Request.
  Time since last request: 0.153295 seconds.
  path: Assets/Scripts/Service/ResSvc.cs
  artifactKey: Guid(90c7f58e0ab87404595bcd7401fefad9) Importer(815301076,1909f56bfc062723c751e8b465ee728b)
Start importing Assets/Scripts/Service/ResSvc.cs using Guid(90c7f58e0ab87404595bcd7401fefad9) Importer(815301076,1909f56bfc062723c751e8b465ee728b)  -> (artifact id: '4f6bb111672bb233cc515acd094a840c') in 0.007879 seconds
  Import took 0.011560 seconds .

========================================================================
Received Prepare
Registering precompiled user dll's ...
Registered in 0.001490 seconds.
Begin MonoManager ReloadAssembly
Native extension for WindowsStandalone target not found
Refreshing native plugins compatible for Editor in 0.27 ms, found 0 plugins.
Preloading 0 native plugins for Editor in 0.00 ms.
Mono: successfully reloaded assembly
- Completed reload, in  1.264 seconds
Platform modules already initialized, skipping
Refreshing native plugins compatible for Editor in 0.30 ms, found 0 plugins.
Preloading 0 native plugins for Editor in 0.00 ms.
Unloading 1162 Unused Serialized files (Serialized files now loaded: 0)
System memory in use before: 59.3 MB.
System memory in use after: 59.4 MB.

Unloading 4 unused Assets to reduce memory usage. Loaded Objects now: 1689.
Total: 2.384685 ms (FindLiveObjects: 0.269420 ms CreateObjectMapping: 0.123484 ms MarkObjects: 1.973499 ms  DeleteObjects: 0.016678 ms)

========================================================================
Received Import Request.
  Time since last request: 13.460189 seconds.
  path: Assets/Scripts/Service/ResSvc.cs
  artifactKey: Guid(90c7f58e0ab87404595bcd7401fefad9) Importer(815301076,1909f56bfc062723c751e8b465ee728b)
Start importing Assets/Scripts/Service/ResSvc.cs using Guid(90c7f58e0ab87404595bcd7401fefad9) Importer(815301076,1909f56bfc062723c751e8b465ee728b)  -> (artifact id: 'de51670f1663767a9ddb5192fecfd136') in 0.011289 seconds
  Import took 0.014022 seconds .

========================================================================
Received Prepare
Registering precompiled user dll's ...
Registered in 0.001391 seconds.
Begin MonoManager ReloadAssembly
Native extension for WindowsStandalone target not found
Refreshing native plugins compatible for Editor in 0.31 ms, found 0 plugins.
Preloading 0 native plugins for Editor in 0.00 ms.
Mono: successfully reloaded assembly
- Completed reload, in  1.207 seconds
Platform modules already initialized, skipping
Refreshing native plugins compatible for Editor in 0.27 ms, found 0 plugins.
Preloading 0 native plugins for Editor in 0.00 ms.
Unloading 1162 Unused Serialized files (Serialized files now loaded: 0)
System memory in use before: 59.3 MB.
System memory in use after: 59.4 MB.

Unloading 4 unused Assets to reduce memory usage. Loaded Objects now: 1692.
Total: 2.666934 ms (FindLiveObjects: 0.184424 ms CreateObjectMapping: 0.121560 ms MarkObjects: 2.324386 ms  DeleteObjects: 0.034319 ms)

========================================================================
Received Import Request.
  Time since last request: 19.327203 seconds.
  path: Assets/Scripts/Service/ResSvc.cs
  artifactKey: Guid(90c7f58e0ab87404595bcd7401fefad9) Importer(815301076,1909f56bfc062723c751e8b465ee728b)
Start importing Assets/Scripts/Service/ResSvc.cs using Guid(90c7f58e0ab87404595bcd7401fefad9) Importer(815301076,1909f56bfc062723c751e8b465ee728b)  -> (artifact id: '800ac37eac42515ab601f137c9766447') in 0.010272 seconds
  Import took 0.013238 seconds .

========================================================================
Received Prepare
Registering precompiled user dll's ...
Registered in 0.001838 seconds.
Begin MonoManager ReloadAssembly
Native extension for WindowsStandalone target not found
Refreshing native plugins compatible for Editor in 0.34 ms, found 0 plugins.
Preloading 0 native plugins for Editor in 0.00 ms.
Mono: successfully reloaded assembly
- Completed reload, in  1.189 seconds
Platform modules already initialized, skipping
Refreshing native plugins compatible for Editor in 0.29 ms, found 0 plugins.
Preloading 0 native plugins for Editor in 0.00 ms.
Unloading 1162 Unused Serialized files (Serialized files now loaded: 0)
System memory in use before: 59.3 MB.
System memory in use after: 59.4 MB.

Unloading 4 unused Assets to reduce memory usage. Loaded Objects now: 1695.
Total: 2.765722 ms (FindLiveObjects: 0.278721 ms CreateObjectMapping: 0.097184 ms MarkObjects: 2.357422 ms  DeleteObjects: 0.030791 ms)

========================================================================
Received Prepare
Registering precompiled user dll's ...
Registered in 0.001783 seconds.
Begin MonoManager ReloadAssembly
Native extension for WindowsStandalone target not found
Refreshing native plugins compatible for Editor in 0.31 ms, found 0 plugins.
Preloading 0 native plugins for Editor in 0.00 ms.
Mono: successfully reloaded assembly
- Completed reload, in  1.338 seconds
Platform modules already initialized, skipping
Refreshing native plugins compatible for Editor in 0.29 ms, found 0 plugins.
Preloading 0 native plugins for Editor in 0.00 ms.
Unloading 1162 Unused Serialized files (Serialized files now loaded: 0)
System memory in use before: 59.3 MB.
System memory in use after: 59.4 MB.

Unloading 4 unused Assets to reduce memory usage. Loaded Objects now: 1698.
Total: 2.817360 ms (FindLiveObjects: 0.209762 ms CreateObjectMapping: 0.067355 ms MarkObjects: 2.519074 ms  DeleteObjects: 0.019244 ms)

========================================================================
Received Import Request.
  Time since last request: 135.104268 seconds.
  path: Assets/Scripts/Service/ResSvc.cs
  artifactKey: Guid(90c7f58e0ab87404595bcd7401fefad9) Importer(815301076,1909f56bfc062723c751e8b465ee728b)
Start importing Assets/Scripts/Service/ResSvc.cs using Guid(90c7f58e0ab87404595bcd7401fefad9) Importer(815301076,1909f56bfc062723c751e8b465ee728b)  -> (artifact id: '812fc963c0db53e0a2aa9dae8d929c54') in 0.012898 seconds
  Import took 0.016779 seconds .

========================================================================
Received Prepare
Registering precompiled user dll's ...
Registered in 0.001413 seconds.
Begin MonoManager ReloadAssembly
Native extension for WindowsStandalone target not found
Refreshing native plugins compatible for Editor in 0.30 ms, found 0 plugins.
Preloading 0 native plugins for Editor in 0.00 ms.
Mono: successfully reloaded assembly
- Completed reload, in  1.313 seconds
Platform modules already initialized, skipping
Refreshing native plugins compatible for Editor in 0.36 ms, found 0 plugins.
Preloading 0 native plugins for Editor in 0.00 ms.
Unloading 1162 Unused Serialized files (Serialized files now loaded: 0)
System memory in use before: 59.3 MB.
System memory in use after: 59.4 MB.

Unloading 4 unused Assets to reduce memory usage. Loaded Objects now: 1701.
Total: 10.813352 ms (FindLiveObjects: 0.307267 ms CreateObjectMapping: 0.102957 ms MarkObjects: 10.381319 ms  DeleteObjects: 0.019244 ms)

========================================================================
Received Import Request.
  Time since last request: 23.800313 seconds.
  path: Assets/Scripts/Service/ResSvc.cs
  artifactKey: Guid(90c7f58e0ab87404595bcd7401fefad9) Importer(815301076,1909f56bfc062723c751e8b465ee728b)
Start importing Assets/Scripts/Service/ResSvc.cs using Guid(90c7f58e0ab87404595bcd7401fefad9) Importer(815301076,1909f56bfc062723c751e8b465ee728b)  -> (artifact id: 'd1f5d7fda8e73c5621eed387cf226195') in 0.007946 seconds
  Import took 0.010979 seconds .

========================================================================
Received Prepare
Registering precompiled user dll's ...
Registered in 0.002003 seconds.
Begin MonoManager ReloadAssembly
Native extension for WindowsStandalone target not found
Refreshing native plugins compatible for Editor in 0.31 ms, found 0 plugins.
Preloading 0 native plugins for Editor in 0.00 ms.
Mono: successfully reloaded assembly
- Completed reload, in  1.655 seconds
Platform modules already initialized, skipping
Refreshing native plugins compatible for Editor in 0.33 ms, found 0 plugins.
Preloading 0 native plugins for Editor in 0.00 ms.
Unloading 1162 Unused Serialized files (Serialized files now loaded: 0)
System memory in use before: 59.3 MB.
System memory in use after: 59.4 MB.

Unloading 4 unused Assets to reduce memory usage. Loaded Objects now: 1704.
Total: 4.482631 ms (FindLiveObjects: 0.290588 ms CreateObjectMapping: 0.159727 ms MarkObjects: 3.999920 ms  DeleteObjects: 0.028546 ms)

========================================================================
Received Import Request.
  Time since last request: 17.744823 seconds.
  path: Assets/Scripts/Service/ResSvc.cs
  artifactKey: Guid(90c7f58e0ab87404595bcd7401fefad9) Importer(815301076,1909f56bfc062723c751e8b465ee728b)
Start importing Assets/Scripts/Service/ResSvc.cs using Guid(90c7f58e0ab87404595bcd7401fefad9) Importer(815301076,1909f56bfc062723c751e8b465ee728b)  -> (artifact id: 'f15618f9d0285bb5244ecd392445d501') in 0.009019 seconds
  Import took 0.011839 seconds .

========================================================================
Received Import Request.
  Time since last request: 0.002892 seconds.
  path: Assets/Scripts/Service/ResSvc.cs
  artifactKey: Guid(90c7f58e0ab87404595bcd7401fefad9) Importer(815301076,1909f56bfc062723c751e8b465ee728b)
Start importing Assets/Scripts/Service/ResSvc.cs using Guid(90c7f58e0ab87404595bcd7401fefad9) Importer(815301076,1909f56bfc062723c751e8b465ee728b)  -> (artifact id: 'f15618f9d0285bb5244ecd392445d501') in 0.005946 seconds
  Import took 0.008725 seconds .

========================================================================
Received Prepare
Registering precompiled user dll's ...
Registered in 0.001448 seconds.
Begin MonoManager ReloadAssembly
Native extension for WindowsStandalone target not found
Refreshing native plugins compatible for Editor in 0.29 ms, found 0 plugins.
Preloading 0 native plugins for Editor in 0.00 ms.
Mono: successfully reloaded assembly
- Completed reload, in  1.406 seconds
Platform modules already initialized, skipping
Refreshing native plugins compatible for Editor in 0.27 ms, found 0 plugins.
Preloading 0 native plugins for Editor in 0.00 ms.
Unloading 1162 Unused Serialized files (Serialized files now loaded: 0)
System memory in use before: 59.3 MB.
System memory in use after: 59.4 MB.

Unloading 4 unused Assets to reduce memory usage. Loaded Objects now: 1707.
Total: 2.303859 ms (FindLiveObjects: 0.324587 ms CreateObjectMapping: 0.153313 ms MarkObjects: 1.806395 ms  DeleteObjects: 0.017641 ms)

========================================================================
Received Prepare
Registering precompiled user dll's ...
Registered in 0.001636 seconds.
Begin MonoManager ReloadAssembly
Native extension for WindowsStandalone target not found
Refreshing native plugins compatible for Editor in 0.28 ms, found 0 plugins.
Preloading 0 native plugins for Editor in 0.00 ms.
Mono: successfully reloaded assembly
- Completed reload, in  1.238 seconds
Platform modules already initialized, skipping
Refreshing native plugins compatible for Editor in 0.36 ms, found 0 plugins.
Preloading 0 native plugins for Editor in 0.00 ms.
Unloading 1162 Unused Serialized files (Serialized files now loaded: 0)
System memory in use before: 59.3 MB.
System memory in use after: 59.4 MB.

Unloading 4 unused Assets to reduce memory usage. Loaded Objects now: 1710.
Total: 2.510735 ms (FindLiveObjects: 0.177368 ms CreateObjectMapping: 0.049073 ms MarkObjects: 2.262163 ms  DeleteObjects: 0.020527 ms)

========================================================================
Received Prepare
Registering precompiled user dll's ...
Registered in 0.001776 seconds.
Begin MonoManager ReloadAssembly
Native extension for WindowsStandalone target not found
Refreshing native plugins compatible for Editor in 0.39 ms, found 0 plugins.
Preloading 0 native plugins for Editor in 0.00 ms.
Mono: successfully reloaded assembly
- Completed reload, in  1.254 seconds
Platform modules already initialized, skipping
Refreshing native plugins compatible for Editor in 0.27 ms, found 0 plugins.
Preloading 0 native plugins for Editor in 0.00 ms.
Unloading 1162 Unused Serialized files (Serialized files now loaded: 0)
System memory in use before: 59.3 MB.
System memory in use after: 59.4 MB.

Unloading 4 unused Assets to reduce memory usage. Loaded Objects now: 1713.
Total: 2.770533 ms (FindLiveObjects: 0.305022 ms CreateObjectMapping: 0.111296 ms MarkObjects: 2.333046 ms  DeleteObjects: 0.017961 ms)

========================================================================
Received Prepare
Registering precompiled user dll's ...
Registered in 0.001737 seconds.
Begin MonoManager ReloadAssembly
Native extension for WindowsStandalone target not found
Refreshing native plugins compatible for Editor in 0.41 ms, found 0 plugins.
Preloading 0 native plugins for Editor in 0.00 ms.
Mono: successfully reloaded assembly
- Completed reload, in  1.230 seconds
Platform modules already initialized, skipping
Refreshing native plugins compatible for Editor in 0.27 ms, found 0 plugins.
Preloading 0 native plugins for Editor in 0.00 ms.
Unloading 1162 Unused Serialized files (Serialized files now loaded: 0)
System memory in use before: 59.4 MB.
System memory in use after: 59.5 MB.

Unloading 4 unused Assets to reduce memory usage. Loaded Objects now: 1716.
Total: 3.330220 ms (FindLiveObjects: 0.413110 ms CreateObjectMapping: 0.167425 ms MarkObjects: 2.726592 ms  DeleteObjects: 0.019565 ms)

========================================================================
Received Prepare
Registering precompiled user dll's ...
Registered in 0.001954 seconds.
Begin MonoManager ReloadAssembly
Native extension for WindowsStandalone target not found
Refreshing native plugins compatible for Editor in 0.28 ms, found 0 plugins.
Preloading 0 native plugins for Editor in 0.00 ms.
Mono: successfully reloaded assembly
- Completed reload, in  1.231 seconds
Platform modules already initialized, skipping
Refreshing native plugins compatible for Editor in 0.28 ms, found 0 plugins.
Preloading 0 native plugins for Editor in 0.00 ms.
Unloading 1162 Unused Serialized files (Serialized files now loaded: 0)
System memory in use before: 59.4 MB.
System memory in use after: 59.5 MB.

Unloading 4 unused Assets to reduce memory usage. Loaded Objects now: 1719.
Total: 3.191020 ms (FindLiveObjects: 0.222913 ms CreateObjectMapping: 0.107447 ms MarkObjects: 2.826983 ms  DeleteObjects: 0.032074 ms)

========================================================================
Received Prepare
Registering precompiled user dll's ...
Registered in 0.001345 seconds.
Begin MonoManager ReloadAssembly
Native extension for WindowsStandalone target not found
Refreshing native plugins compatible for Editor in 0.31 ms, found 0 plugins.
Preloading 0 native plugins for Editor in 0.00 ms.
Mono: successfully reloaded assembly
- Completed reload, in  1.225 seconds
Platform modules already initialized, skipping
Refreshing native plugins compatible for Editor in 0.27 ms, found 0 plugins.
Preloading 0 native plugins for Editor in 0.00 ms.
Unloading 1162 Unused Serialized files (Serialized files now loaded: 0)
System memory in use before: 59.4 MB.
System memory in use after: 59.5 MB.

Unloading 4 unused Assets to reduce memory usage. Loaded Objects now: 1722.
Total: 2.710234 ms (FindLiveObjects: 0.240553 ms CreateObjectMapping: 0.146256 ms MarkObjects: 2.303859 ms  DeleteObjects: 0.018282 ms)

========================================================================
Received Prepare
Registering precompiled user dll's ...
Registered in 0.001672 seconds.
Begin MonoManager ReloadAssembly
Native extension for WindowsStandalone target not found
Refreshing native plugins compatible for Editor in 0.27 ms, found 0 plugins.
Preloading 0 native plugins for Editor in 0.00 ms.
Mono: successfully reloaded assembly
- Completed reload, in  1.229 seconds
Platform modules already initialized, skipping
Refreshing native plugins compatible for Editor in 0.28 ms, found 0 plugins.
Preloading 0 native plugins for Editor in 0.00 ms.
Unloading 1162 Unused Serialized files (Serialized files now loaded: 0)
System memory in use before: 59.4 MB.
System memory in use after: 59.5 MB.

Unloading 4 unused Assets to reduce memory usage. Loaded Objects now: 1725.
Total: 3.211226 ms (FindLiveObjects: 0.308229 ms CreateObjectMapping: 0.138559 ms MarkObjects: 2.730761 ms  DeleteObjects: 0.031112 ms)

========================================================================
Received Prepare
Registering precompiled user dll's ...
Registered in 0.001710 seconds.
Begin MonoManager ReloadAssembly
Native extension for WindowsStandalone target not found
Refreshing native plugins compatible for Editor in 0.37 ms, found 0 plugins.
Preloading 0 native plugins for Editor in 0.00 ms.
Mono: successfully reloaded assembly
- Completed reload, in  1.453 seconds
Platform modules already initialized, skipping
Refreshing native plugins compatible for Editor in 0.27 ms, found 0 plugins.
Preloading 0 native plugins for Editor in 0.00 ms.
Unloading 1162 Unused Serialized files (Serialized files now loaded: 0)
System memory in use before: 59.4 MB.
System memory in use after: 59.5 MB.

Unloading 4 unused Assets to reduce memory usage. Loaded Objects now: 1728.
Total: 2.223675 ms (FindLiveObjects: 0.200461 ms CreateObjectMapping: 0.089165 ms MarkObjects: 1.915446 ms  DeleteObjects: 0.016037 ms)

========================================================================
Received Prepare
Registering precompiled user dll's ...
Registered in 0.001579 seconds.
Begin MonoManager ReloadAssembly
Native extension for WindowsStandalone target not found
Refreshing native plugins compatible for Editor in 0.27 ms, found 0 plugins.
Preloading 0 native plugins for Editor in 0.00 ms.
Mono: successfully reloaded assembly
- Completed reload, in  1.193 seconds
Platform modules already initialized, skipping
Refreshing native plugins compatible for Editor in 0.28 ms, found 0 plugins.
Preloading 0 native plugins for Editor in 0.00 ms.
Unloading 1162 Unused Serialized files (Serialized files now loaded: 0)
System memory in use before: 59.4 MB.
System memory in use after: 59.5 MB.

Unloading 4 unused Assets to reduce memory usage. Loaded Objects now: 1731.
Total: 2.642238 ms (FindLiveObjects: 0.313682 ms CreateObjectMapping: 0.143691 ms MarkObjects: 2.132265 ms  DeleteObjects: 0.050677 ms)

========================================================================
Received Prepare
Registering precompiled user dll's ...
Registered in 0.001792 seconds.
Begin MonoManager ReloadAssembly
Native extension for WindowsStandalone target not found
Refreshing native plugins compatible for Editor in 0.33 ms, found 0 plugins.
Preloading 0 native plugins for Editor in 0.00 ms.
Mono: successfully reloaded assembly
- Completed reload, in  1.323 seconds
Platform modules already initialized, skipping
Refreshing native plugins compatible for Editor in 0.32 ms, found 0 plugins.
Preloading 0 native plugins for Editor in 0.00 ms.
Unloading 1162 Unused Serialized files (Serialized files now loaded: 0)
System memory in use before: 59.4 MB.
System memory in use after: 59.5 MB.

Unloading 4 unused Assets to reduce memory usage. Loaded Objects now: 1734.
Total: 3.348181 ms (FindLiveObjects: 0.404450 ms CreateObjectMapping: 0.189556 ms MarkObjects: 2.718573 ms  DeleteObjects: 0.031753 ms)

========================================================================
Received Prepare
Registering precompiled user dll's ...
Registered in 0.001727 seconds.
Begin MonoManager ReloadAssembly
Native extension for WindowsStandalone target not found
Refreshing native plugins compatible for Editor in 0.33 ms, found 0 plugins.
Preloading 0 native plugins for Editor in 0.00 ms.
Mono: successfully reloaded assembly
- Completed reload, in  1.491 seconds
Platform modules already initialized, skipping
Refreshing native plugins compatible for Editor in 0.33 ms, found 0 plugins.
Preloading 0 native plugins for Editor in 0.00 ms.
Unloading 1162 Unused Serialized files (Serialized files now loaded: 0)
System memory in use before: 59.4 MB.
System memory in use after: 59.5 MB.

Unloading 4 unused Assets to reduce memory usage. Loaded Objects now: 1737.
Total: 3.168247 ms (FindLiveObjects: 0.373980 ms CreateObjectMapping: 0.175764 ms MarkObjects: 2.583543 ms  DeleteObjects: 0.031112 ms)

========================================================================
Received Prepare
Registering precompiled user dll's ...
Registered in 0.001816 seconds.
Begin MonoManager ReloadAssembly
Native extension for WindowsStandalone target not found
Refreshing native plugins compatible for Editor in 0.33 ms, found 0 plugins.
Preloading 0 native plugins for Editor in 0.00 ms.
Mono: successfully reloaded assembly
- Completed reload, in  1.292 seconds
Platform modules already initialized, skipping
Refreshing native plugins compatible for Editor in 0.41 ms, found 0 plugins.
Preloading 0 native plugins for Editor in 0.00 ms.
Unloading 1162 Unused Serialized files (Serialized files now loaded: 0)
System memory in use before: 59.4 MB.
System memory in use after: 59.5 MB.

Unloading 4 unused Assets to reduce memory usage. Loaded Objects now: 1740.
Total: 2.951429 ms (FindLiveObjects: 0.303739 ms CreateObjectMapping: 0.140162 ms MarkObjects: 2.475133 ms  DeleteObjects: 0.030791 ms)

========================================================================
Received Prepare
Registering precompiled user dll's ...
Registered in 0.001547 seconds.
Begin MonoManager ReloadAssembly
Native extension for WindowsStandalone target not found
Refreshing native plugins compatible for Editor in 0.28 ms, found 0 plugins.
Preloading 0 native plugins for Editor in 0.00 ms.
Mono: successfully reloaded assembly
- Completed reload, in  1.241 seconds
Platform modules already initialized, skipping
Refreshing native plugins compatible for Editor in 0.32 ms, found 0 plugins.
Preloading 0 native plugins for Editor in 0.00 ms.
Unloading 1162 Unused Serialized files (Serialized files now loaded: 0)
System memory in use before: 59.4 MB.
System memory in use after: 59.5 MB.

Unloading 4 unused Assets to reduce memory usage. Loaded Objects now: 1743.
Total: 3.320919 ms (FindLiveObjects: 0.340303 ms CreateObjectMapping: 0.121239 ms MarkObjects: 2.816077 ms  DeleteObjects: 0.040413 ms)

========================================================================
Received Prepare
Registering precompiled user dll's ...
Registered in 0.001783 seconds.
Begin MonoManager ReloadAssembly
Native extension for WindowsStandalone target not found
Refreshing native plugins compatible for Editor in 0.36 ms, found 0 plugins.
Preloading 0 native plugins for Editor in 0.00 ms.
Mono: successfully reloaded assembly
- Completed reload, in  1.191 seconds
Platform modules already initialized, skipping
Refreshing native plugins compatible for Editor in 0.27 ms, found 0 plugins.
Preloading 0 native plugins for Editor in 0.00 ms.
Unloading 1162 Unused Serialized files (Serialized files now loaded: 0)
System memory in use before: 59.4 MB.
System memory in use after: 59.5 MB.

Unloading 4 unused Assets to reduce memory usage. Loaded Objects now: 1746.
Total: 2.332726 ms (FindLiveObjects: 0.189556 ms CreateObjectMapping: 0.078260 ms MarkObjects: 2.037647 ms  DeleteObjects: 0.026300 ms)

========================================================================
Received Prepare
Registering precompiled user dll's ...
Registered in 0.001537 seconds.
Begin MonoManager ReloadAssembly
Native extension for WindowsStandalone target not found
Refreshing native plugins compatible for Editor in 0.29 ms, found 0 plugins.
Preloading 0 native plugins for Editor in 0.00 ms.
Mono: successfully reloaded assembly
- Completed reload, in  1.544 seconds
Platform modules already initialized, skipping
Refreshing native plugins compatible for Editor in 0.31 ms, found 0 plugins.
Preloading 0 native plugins for Editor in 0.00 ms.
Unloading 1162 Unused Serialized files (Serialized files now loaded: 0)
System memory in use before: 59.4 MB.
System memory in use after: 59.5 MB.

Unloading 4 unused Assets to reduce memory usage. Loaded Objects now: 1749.
Total: 2.919355 ms (FindLiveObjects: 0.215215 ms CreateObjectMapping: 0.101995 ms MarkObjects: 2.580014 ms  DeleteObjects: 0.020206 ms)

========================================================================
Received Prepare
Registering precompiled user dll's ...
Registered in 0.001616 seconds.
Begin MonoManager ReloadAssembly
Native extension for WindowsStandalone target not found
Refreshing native plugins compatible for Editor in 0.28 ms, found 0 plugins.
Preloading 0 native plugins for Editor in 0.00 ms.
Mono: successfully reloaded assembly
- Completed reload, in  1.408 seconds
Platform modules already initialized, skipping
Refreshing native plugins compatible for Editor in 0.28 ms, found 0 plugins.
Preloading 0 native plugins for Editor in 0.00 ms.
Unloading 1162 Unused Serialized files (Serialized files now loaded: 0)
System memory in use before: 59.4 MB.
System memory in use after: 59.5 MB.

Unloading 4 unused Assets to reduce memory usage. Loaded Objects now: 1752.
Total: 2.746477 ms (FindLiveObjects: 0.207517 ms CreateObjectMapping: 0.088203 ms MarkObjects: 2.416759 ms  DeleteObjects: 0.032395 ms)

========================================================================
Received Prepare
Registering precompiled user dll's ...
Registered in 0.001512 seconds.
Begin MonoManager ReloadAssembly
Native extension for WindowsStandalone target not found
Refreshing native plugins compatible for Editor in 0.50 ms, found 0 plugins.
Preloading 0 native plugins for Editor in 0.00 ms.
Mono: successfully reloaded assembly
- Completed reload, in  1.267 seconds
Platform modules already initialized, skipping
Refreshing native plugins compatible for Editor in 0.26 ms, found 0 plugins.
Preloading 0 native plugins for Editor in 0.00 ms.
Unloading 1162 Unused Serialized files (Serialized files now loaded: 0)
System memory in use before: 59.4 MB.
System memory in use after: 59.5 MB.

Unloading 4 unused Assets to reduce memory usage. Loaded Objects now: 1755.
Total: 4.115386 ms (FindLiveObjects: 0.389696 ms CreateObjectMapping: 0.144973 ms MarkObjects: 3.526832 ms  DeleteObjects: 0.051639 ms)

========================================================================
Received Prepare
Registering precompiled user dll's ...
Registered in 0.001391 seconds.
Begin MonoManager ReloadAssembly
Native extension for WindowsStandalone target not found
Refreshing native plugins compatible for Editor in 0.50 ms, found 0 plugins.
Preloading 0 native plugins for Editor in 0.00 ms.
Mono: successfully reloaded assembly
- Completed reload, in  1.324 seconds
Platform modules already initialized, skipping
Refreshing native plugins compatible for Editor in 0.29 ms, found 0 plugins.
Preloading 0 native plugins for Editor in 0.00 ms.
Unloading 1162 Unused Serialized files (Serialized files now loaded: 0)
System memory in use before: 59.4 MB.
System memory in use after: 59.5 MB.

Unloading 4 unused Assets to reduce memory usage. Loaded Objects now: 1758.
Total: 2.721460 ms (FindLiveObjects: 0.390979 ms CreateObjectMapping: 0.135993 ms MarkObjects: 2.171074 ms  DeleteObjects: 0.019244 ms)

========================================================================
Received Prepare
Registering precompiled user dll's ...
Registered in 0.001512 seconds.
Begin MonoManager ReloadAssembly
Native extension for WindowsStandalone target not found
Refreshing native plugins compatible for Editor in 0.31 ms, found 0 plugins.
Preloading 0 native plugins for Editor in 0.00 ms.
Mono: successfully reloaded assembly
- Completed reload, in  1.233 seconds
Platform modules already initialized, skipping
Refreshing native plugins compatible for Editor in 0.31 ms, found 0 plugins.
Preloading 0 native plugins for Editor in 0.00 ms.
Unloading 1162 Unused Serialized files (Serialized files now loaded: 0)
System memory in use before: 59.4 MB.
System memory in use after: 59.6 MB.

Unloading 4 unused Assets to reduce memory usage. Loaded Objects now: 1761.
Total: 2.336895 ms (FindLiveObjects: 0.219064 ms CreateObjectMapping: 0.095580 ms MarkObjects: 2.003969 ms  DeleteObjects: 0.016358 ms)

========================================================================
Received Import Request.
  Time since last request: 1833.893993 seconds.
  path: Assets/UIWindow/CreateWnd.cs
  artifactKey: Guid(7d5b048b52227024bad0dfd044607e78) Importer(815301076,1909f56bfc062723c751e8b465ee728b)
Start importing Assets/UIWindow/CreateWnd.cs using Guid(7d5b048b52227024bad0dfd044607e78) Importer(815301076,1909f56bfc062723c751e8b465ee728b)  -> (artifact id: 'b50e5635462b9c9c5858bc48aea3d835') in 0.007584 seconds
  Import took 0.010274 seconds .

========================================================================
Received Import Request.
  Time since last request: 0.044127 seconds.
  path: Assets/UIWindow/CreateWnd.cs
  artifactKey: Guid(7d5b048b52227024bad0dfd044607e78) Importer(815301076,1909f56bfc062723c751e8b465ee728b)
Start importing Assets/UIWindow/CreateWnd.cs using Guid(7d5b048b52227024bad0dfd044607e78) Importer(815301076,1909f56bfc062723c751e8b465ee728b)  -> (artifact id: 'b50e5635462b9c9c5858bc48aea3d835') in 0.006201 seconds
  Import took 0.009587 seconds .

========================================================================
Received Import Request.
  Time since last request: 37.476359 seconds.
  path: Assets/Compond/Common/SceneParticles/Source/Textures/lightshaft.tif
  artifactKey: Guid(ea2a8f9bab0db74438e9c721bf2aa893) Importer(815301076,1909f56bfc062723c751e8b465ee728b)
Start importing Assets/Compond/Common/SceneParticles/Source/Textures/lightshaft.tif using Guid(ea2a8f9bab0db74438e9c721bf2aa893) Importer(815301076,1909f56bfc062723c751e8b465ee728b)  -> (artifact id: '837b995177dc11125738dab54113762d') in 0.108527 seconds
  Import took 0.111658 seconds .

========================================================================
Received Import Request.
  Time since last request: 0.169381 seconds.
  path: Assets/Resources/PrefabUI/LoadingWnd.prefab
  artifactKey: Guid(1f6548077349fcf4883a6b6b24081034) Importer(815301076,1909f56bfc062723c751e8b465ee728b)
Start importing Assets/Resources/PrefabUI/LoadingWnd.prefab using Guid(1f6548077349fcf4883a6b6b24081034) Importer(815301076,1909f56bfc062723c751e8b465ee728b)  -> (artifact id: 'ca1f465c545675cf418ac18f52db2b03') in 0.040958 seconds
  Import took 0.044260 seconds .

========================================================================
Received Import Request.
  Time since last request: 0.000367 seconds.
  path: Assets/Resources/ResScenes/SceneLogin/Login.prefab
  artifactKey: Guid(9bf881a57b5a8484b8de93dd99355269) Importer(815301076,1909f56bfc062723c751e8b465ee728b)
Start importing Assets/Resources/ResScenes/SceneLogin/Login.prefab using Guid(9bf881a57b5a8484b8de93dd99355269) Importer(815301076,1909f56bfc062723c751e8b465ee728b)  -> (artifact id: '44d53c41e4f30f9ba4790fbaabacf2e1') in 0.250628 seconds
  Import took 0.255182 seconds .

========================================================================
Received Import Request.
  Time since last request: 0.000753 seconds.
  path: Assets/Resources/PrefabUI/LoginWnd.prefab
  artifactKey: Guid(9d7eb910da3a3bc4b80863c30e29ae6f) Importer(815301076,1909f56bfc062723c751e8b465ee728b)
Start importing Assets/Resources/PrefabUI/LoginWnd.prefab using Guid(9d7eb910da3a3bc4b80863c30e29ae6f) Importer(815301076,1909f56bfc062723c751e8b465ee728b)  -> (artifact id: 'a98e1cd2b9418086251608cdbe4155cc') in 0.032590 seconds
  Import took 0.036641 seconds .

========================================================================
Received Import Request.
  Time since last request: 0.000292 seconds.
  path: Assets/Compond/Common/Item/007_long/Materials/long_01.png
  artifactKey: Guid(a84253b91604be64db08b6d8ea8e4e32) Importer(815301076,1909f56bfc062723c751e8b465ee728b)
Start importing Assets/Compond/Common/Item/007_long/Materials/long_01.png using Guid(a84253b91604be64db08b6d8ea8e4e32) Importer(815301076,1909f56bfc062723c751e8b465ee728b)  -> (artifact id: '37b93e66e8f75b8839f049c38799f4f0') in 0.021695 seconds
  Import took 0.024281 seconds .

========================================================================
Received Import Request.
  Time since last request: 0.000262 seconds.
  path: Assets/Compond/Common/Item/007_long/long.FBX
  artifactKey: Guid(6a00e0c919cb0864a9dab7ee3946e660) Importer(815301076,1909f56bfc062723c751e8b465ee728b)
Start importing Assets/Compond/Common/Item/007_long/long.FBX using Guid(6a00e0c919cb0864a9dab7ee3946e660) Importer(815301076,1909f56bfc062723c751e8b465ee728b)  -> (artifact id: '16a2afa9ac7bb27305631b2b49d58be8') in 0.398605 seconds
  Import took 0.421849 seconds .

========================================================================
Received Prepare
Registering precompiled user dll's ...
Registered in 0.001414 seconds.
Begin MonoManager ReloadAssembly
Native extension for WindowsStandalone target not found
Refreshing native plugins compatible for Editor in 0.28 ms, found 0 plugins.
Preloading 0 native plugins for Editor in 0.00 ms.
Mono: successfully reloaded assembly
- Completed reload, in  1.264 seconds
Platform modules already initialized, skipping
Refreshing native plugins compatible for Editor in 0.27 ms, found 0 plugins.
Preloading 0 native plugins for Editor in 0.00 ms.
Unloading 1162 Unused Serialized files (Serialized files now loaded: 0)
System memory in use before: 76.6 MB.
System memory in use after: 76.7 MB.

Unloading 5 unused Assets to reduce memory usage. Loaded Objects now: 1779.
Total: 3.469420 ms (FindLiveObjects: 0.210725 ms CreateObjectMapping: 0.056129 ms MarkObjects: 3.155739 ms  DeleteObjects: 0.044583 ms)

========================================================================
Received Prepare
Registering precompiled user dll's ...
Registered in 0.001745 seconds.
Begin MonoManager ReloadAssembly
Native extension for WindowsStandalone target not found
Refreshing native plugins compatible for Editor in 0.27 ms, found 0 plugins.
Preloading 0 native plugins for Editor in 0.00 ms.
Mono: successfully reloaded assembly
- Completed reload, in  1.243 seconds
Platform modules already initialized, skipping
Refreshing native plugins compatible for Editor in 0.33 ms, found 0 plugins.
Preloading 0 native plugins for Editor in 0.00 ms.
Unloading 1162 Unused Serialized files (Serialized files now loaded: 0)
System memory in use before: 76.6 MB.
System memory in use after: 76.7 MB.

Unloading 4 unused Assets to reduce memory usage. Loaded Objects now: 1782.
Total: 2.400081 ms (FindLiveObjects: 0.303097 ms CreateObjectMapping: 0.100712 ms MarkObjects: 1.973820 ms  DeleteObjects: 0.020206 ms)

========================================================================
Received Prepare
Registering precompiled user dll's ...
Registered in 0.001460 seconds.
Begin MonoManager ReloadAssembly
Native extension for WindowsStandalone target not found
Refreshing native plugins compatible for Editor in 0.32 ms, found 0 plugins.
Preloading 0 native plugins for Editor in 0.00 ms.
Mono: successfully reloaded assembly
- Completed reload, in  1.397 seconds
Platform modules already initialized, skipping
Refreshing native plugins compatible for Editor in 0.39 ms, found 0 plugins.
Preloading 0 native plugins for Editor in 0.00 ms.
Unloading 1162 Unused Serialized files (Serialized files now loaded: 0)
System memory in use before: 76.6 MB.
System memory in use after: 76.7 MB.

Unloading 4 unused Assets to reduce memory usage. Loaded Objects now: 1785.
Total: 10.482351 ms (FindLiveObjects: 0.399318 ms CreateObjectMapping: 0.124126 ms MarkObjects: 9.931965 ms  DeleteObjects: 0.023414 ms)

========================================================================
Received Prepare
Registering precompiled user dll's ...
Registered in 0.005981 seconds.
Begin MonoManager ReloadAssembly
Native extension for WindowsStandalone target not found
Refreshing native plugins compatible for Editor in 0.33 ms, found 0 plugins.
Preloading 0 native plugins for Editor in 0.00 ms.
Mono: successfully reloaded assembly
- Completed reload, in  1.237 seconds
Platform modules already initialized, skipping
Refreshing native plugins compatible for Editor in 0.33 ms, found 0 plugins.
Preloading 0 native plugins for Editor in 0.00 ms.
Unloading 1162 Unused Serialized files (Serialized files now loaded: 0)
System memory in use before: 76.6 MB.
System memory in use after: 76.7 MB.

Unloading 4 unused Assets to reduce memory usage. Loaded Objects now: 1788.
Total: 2.560770 ms (FindLiveObjects: 0.232856 ms CreateObjectMapping: 0.163576 ms MarkObjects: 2.144453 ms  DeleteObjects: 0.017961 ms)

========================================================================
Received Prepare
Registering precompiled user dll's ...
Registered in 0.001639 seconds.
Begin MonoManager ReloadAssembly
Native extension for WindowsStandalone target not found
Refreshing native plugins compatible for Editor in 0.35 ms, found 0 plugins.
Preloading 0 native plugins for Editor in 0.00 ms.
Mono: successfully reloaded assembly
- Completed reload, in  1.220 seconds
Platform modules already initialized, skipping
Refreshing native plugins compatible for Editor in 0.36 ms, found 0 plugins.
Preloading 0 native plugins for Editor in 0.00 ms.
Unloading 1162 Unused Serialized files (Serialized files now loaded: 0)
System memory in use before: 76.6 MB.
System memory in use after: 76.7 MB.

Unloading 4 unused Assets to reduce memory usage. Loaded Objects now: 1791.
Total: 2.897224 ms (FindLiveObjects: 0.221630 ms CreateObjectMapping: 0.095901 ms MarkObjects: 2.547941 ms  DeleteObjects: 0.029508 ms)

========================================================================
Received Prepare
Registering precompiled user dll's ...
Registered in 0.001452 seconds.
Begin MonoManager ReloadAssembly
Native extension for WindowsStandalone target not found
Refreshing native plugins compatible for Editor in 0.28 ms, found 0 plugins.
Preloading 0 native plugins for Editor in 0.00 ms.
Mono: successfully reloaded assembly
- Completed reload, in  1.233 seconds
Platform modules already initialized, skipping
Refreshing native plugins compatible for Editor in 0.28 ms, found 0 plugins.
Preloading 0 native plugins for Editor in 0.00 ms.
Unloading 1162 Unused Serialized files (Serialized files now loaded: 0)
System memory in use before: 76.6 MB.
System memory in use after: 76.7 MB.

Unloading 4 unused Assets to reduce memory usage. Loaded Objects now: 1794.
Total: 2.855528 ms (FindLiveObjects: 0.266212 ms CreateObjectMapping: 0.159407 ms MarkObjects: 2.396232 ms  DeleteObjects: 0.031112 ms)

========================================================================
Received Prepare
Registering precompiled user dll's ...
Registered in 0.001366 seconds.
Begin MonoManager ReloadAssembly
Native extension for WindowsStandalone target not found
Refreshing native plugins compatible for Editor in 0.28 ms, found 0 plugins.
Preloading 0 native plugins for Editor in 0.00 ms.
Mono: successfully reloaded assembly
- Completed reload, in  1.264 seconds
Platform modules already initialized, skipping
Refreshing native plugins compatible for Editor in 0.31 ms, found 0 plugins.
Preloading 0 native plugins for Editor in 0.00 ms.
Unloading 1162 Unused Serialized files (Serialized files now loaded: 0)
System memory in use before: 76.6 MB.
System memory in use after: 76.7 MB.

Unloading 4 unused Assets to reduce memory usage. Loaded Objects now: 1797.
Total: 2.193205 ms (FindLiveObjects: 0.180255 ms CreateObjectMapping: 0.051960 ms MarkObjects: 1.939180 ms  DeleteObjects: 0.019244 ms)

========================================================================
Received Prepare
Registering precompiled user dll's ...
Registered in 0.001466 seconds.
Begin MonoManager ReloadAssembly
Native extension for WindowsStandalone target not found
Refreshing native plugins compatible for Editor in 0.27 ms, found 0 plugins.
Preloading 0 native plugins for Editor in 0.00 ms.
Mono: successfully reloaded assembly
- Completed reload, in  1.215 seconds
Platform modules already initialized, skipping
Refreshing native plugins compatible for Editor in 0.39 ms, found 0 plugins.
Preloading 0 native plugins for Editor in 0.00 ms.
Unloading 1162 Unused Serialized files (Serialized files now loaded: 0)
System memory in use before: 76.6 MB.
System memory in use after: 76.7 MB.

Unloading 4 unused Assets to reduce memory usage. Loaded Objects now: 1800.
Total: 2.489887 ms (FindLiveObjects: 0.201103 ms CreateObjectMapping: 0.083071 ms MarkObjects: 2.170432 ms  DeleteObjects: 0.033357 ms)

========================================================================
Received Prepare
Registering precompiled user dll's ...
Registered in 0.001398 seconds.
Begin MonoManager ReloadAssembly
Native extension for WindowsStandalone target not found
Refreshing native plugins compatible for Editor in 0.35 ms, found 0 plugins.
Preloading 0 native plugins for Editor in 0.00 ms.
Mono: successfully reloaded assembly
- Completed reload, in  1.188 seconds
Platform modules already initialized, skipping
Refreshing native plugins compatible for Editor in 0.28 ms, found 0 plugins.
Preloading 0 native plugins for Editor in 0.00 ms.
Unloading 1162 Unused Serialized files (Serialized files now loaded: 0)
System memory in use before: 76.6 MB.
System memory in use after: 76.7 MB.

Unloading 4 unused Assets to reduce memory usage. Loaded Objects now: 1803.
Total: 2.406175 ms (FindLiveObjects: 0.220026 ms CreateObjectMapping: 0.091410 ms MarkObjects: 2.062344 ms  DeleteObjects: 0.030470 ms)

AssetImportWorkerClient::OnTransportError - code=2 error=End of file
